Starting iperf with config: uperf.Config{ .mode = uperf.Mode.server, .protocol = uperf.Protocol.tcp, .port = 5201, .streams = 1, .time = 10, .interval = 1, .target_ip = null, .local_ip = { 10, 0, 0, 2 }, .interface = { 118, 101, 116, 104, 48 }, .mtu = 9000, .packet_size = 0 }
AF_PACKET initialized on veth0
Iperf server listening on port 5201
Accepted connection from tcpip.FullAddress{ .nic = 1, .addr = tcpip.Address{ .v4 = { 10, 0, 0, 1 } }, .port = 32768 }
General protection exception (no address available)
/ustack/src/waiter.zig:58:17: 0x1057508 in eventRegister (example_uperf_libev)
            tail.next = e;
                ^
/ustack/examples/uperf.zig:559:25: 0x1057b5b in init (example_uperf_libev)
        wq.eventRegister(&self.wait_entry, events);
                        ^
/ustack/examples/uperf.zig:369:41: 0x1069d45 in onEvent (example_uperf_libev)
                if (IperfConnection.init(self.allocator, res.ep, res.wq, self.mux, self.config)) |conn| {
                                        ^
/ustack/examples/uperf.zig:251:41: 0x105a810 in libev_mux_cb (example_uperf_libev)
                .server => |s| s.onEvent(),
                                        ^
???:?:?: 0x7901dd18482a in ??? (libev.so.4)
Unwind information for `libev.so.4:0x7901dd18482a` was not available, trace may be incomplete

???:?:?: 0x7901dd1883b0 in ??? (libev.so.4)
examples/wrapper.c:37:5: 0x104d5f6 in my_ev_run (/ustack/examples/wrapper.c)
    ev_run(loop, 0); 
    ^
/ustack/examples/uperf.zig:120:14: 0x10594bd in main (example_uperf_libev)
    my_ev_run(loop);
             ^
/ustack/zig-linux-x86_64-0.13.0/lib/std/start.zig:524:37: 0x105b03e in main (example_uperf_libev)
            const result = root.main() catch |err| {
                                    ^
../sysdeps/nptl/libc_start_call_main.h:58:16: 0x7901dcf971c9 in __libc_start_call_main (../sysdeps/x86/libc-start.c)
../csu/libc-start.c:360:3: 0x7901dcf9728a in __libc_start_main_impl (../sysdeps/x86/libc-start.c)
???:?:?: 0x104ce54 in ??? (???)
Aborted (core dumped)
